<?xml version="1.0" encoding="UTF-8"?>
<testng-results ignored="0" total="2" passed="2" failed="0" skipped="0">
  <reporter-output>
  </reporter-output>
  <suite started-at="2024-04-05T16:28:20 IST" name="Default suite" finished-at="2024-04-05T16:28:50 IST" duration-ms="29604">
    <groups>
    </groups>
    <test started-at="2024-04-05T16:28:20 IST" name="Default test" finished-at="2024-04-05T16:28:50 IST" duration-ms="29604">
      <class name="apr4.AdvanceReports">
        <test-method is-config="true" signature="generateReports()[pri:0, instance:apr4.AdvanceReports@7586beff]" started-at="2024-04-05T16:28:21 IST" name="generateReports" finished-at="2024-04-05T16:28:21 IST" duration-ms="381" status="PASS">
          <reporter-output>
          </reporter-output>
        </test-method> <!-- generateReports -->
        <test-method is-config="true" signature="setUp()[pri:0, instance:apr4.AdvanceReports@7586beff]" started-at="2024-04-05T16:28:21 IST" name="setUp" finished-at="2024-04-05T16:28:34 IST" duration-ms="12909" status="PASS">
          <reporter-output>
          </reporter-output>
        </test-method> <!-- setUp -->
        <test-method signature="failTest()[pri:0, instance:apr4.AdvanceReports@7586beff]" started-at="2024-04-05T16:28:34 IST" name="failTest" finished-at="2024-04-05T16:28:34 IST" duration-ms="43" status="PASS">
          <reporter-output>
          </reporter-output>
        </test-method> <!-- failTest -->
        <test-method is-config="true" signature="tearDown()[pri:0, instance:apr4.AdvanceReports@7586beff]" started-at="2024-04-05T16:28:34 IST" name="tearDown" finished-at="2024-04-05T16:28:37 IST" duration-ms="2678" status="PASS">
          <reporter-output>
          </reporter-output>
        </test-method> <!-- tearDown -->
        <test-method is-config="true" signature="setUp()[pri:0, instance:apr4.AdvanceReports@7586beff]" started-at="2024-04-05T16:28:37 IST" name="setUp" finished-at="2024-04-05T16:28:48 IST" duration-ms="11611" status="PASS">
          <reporter-output>
          </reporter-output>
        </test-method> <!-- setUp -->
        <test-method signature="passTest()[pri:0, instance:apr4.AdvanceReports@7586beff]" started-at="2024-04-05T16:28:48 IST" name="passTest" finished-at="2024-04-05T16:28:48 IST" duration-ms="13" status="PASS">
          <reporter-output>
          </reporter-output>
        </test-method> <!-- passTest -->
        <test-method is-config="true" signature="tearDown()[pri:0, instance:apr4.AdvanceReports@7586beff]" started-at="2024-04-05T16:28:48 IST" name="tearDown" finished-at="2024-04-05T16:28:50 IST" duration-ms="1871" status="PASS">
          <reporter-output>
          </reporter-output>
        </test-method> <!-- tearDown -->
      </class> <!-- apr4.AdvanceReports -->
    </test> <!-- Default test -->
  </suite> <!-- Default suite -->
</testng-results>
